
> frontend@0.1.0 dev
> next dev --hostname 127.0.0.1 --port 3001

▲ Next.js 16.2.4 (Turbopack)
- Local:         http://127.0.0.1:3001
- Network:       http://127.0.0.1:3001
- Environments: .env.local
✓ Ready in 1218ms
Creating turbopack project {
  dir: 'C:\\Users\\MHawa\\OneDrive\\Desktop\\final project2\\frontend',
  testMode: true
}

 GET /chat 200 in 1394ms (next.js: 314ms, application-code: 1080ms)
 GET /chat 200 in 201ms (next.js: 20ms, application-code: 181ms)
 GET / 200 in 292ms (next.js: 151ms, application-code: 141ms)
 GET /chat 200 in 145ms (next.js: 5ms, application-code: 141ms)
 GET /chat 200 in 48ms (next.js: 5ms, application-code: 43ms)
 GET /chat 200 in 166ms (next.js: 10ms, application-code: 156ms)
 GET /chat 200 in 139ms (next.js: 26ms, application-code: 114ms)
 GET /about 200 in 181ms (next.js: 112ms, application-code: 68ms)
 GET / 200 in 32ms (next.js: 6ms, application-code: 26ms)
 GET / 200 in 40ms (next.js: 5ms, application-code: 35ms)
 GET /chat 200 in 44ms (next.js: 9ms, application-code: 35ms)
 GET /chat 200 in 229ms (next.js: 85ms, application-code: 144ms)
 GET /chat 200 in 107ms (next.js: 8ms, application-code: 99ms)
 GET /services 200 in 320ms (next.js: 236ms, application-code: 84ms)
 GET /chat 200 in 43ms (next.js: 4ms, application-code: 39ms)
 GET / 200 in 47ms (next.js: 7ms, application-code: 39ms)
 GET /reviews 200 in 173ms (next.js: 119ms, application-code: 54ms)
 GET /about 200 in 31ms (next.js: 4ms, application-code: 26ms)
